\BOOKMARK [0][-]{chapter*.1}{\376\377\000P\000r\000e\000f\000a\000c\000e}{}% 1
\BOOKMARK [0][-]{chapter.1}{\376\377\000C\000h\000a\000p\000t\000e\000r\000\040\0001\000.\000\040\000W\000h\000a\000t\000\040\000i\000s\000\040\000C\000o\000m\000b\000i\000n\000a\000t\000o\000r\000i\000c\000s\000?}{}% 2
\BOOKMARK [1][-]{section.1.1}{\376\377\0001\000.\000\040\000I\000n\000t\000r\000o\000d\000u\000c\000t\000i\000o\000n}{chapter.1}% 3
\BOOKMARK [1][-]{section.1.2}{\376\377\0002\000.\000\040\000C\000o\000u\000n\000t\000i\000n\000g\000\040\000P\000r\000i\000n\000c\000i\000p\000l\000e\000s}{chapter.1}% 4
\BOOKMARK [1][-]{section.1.3}{\376\377\0003\000.\000\040\000T\000h\000e\000\040\000P\000i\000g\000e\000o\000n\000-\000h\000o\000l\000e\000\040\000P\000r\000i\000n\000c\000i\000p\000l\000e}{chapter.1}% 5
\BOOKMARK [1][-]{section.1.4}{\376\377\0004\000.\000\040\000T\000h\000e\000\040\000P\000r\000i\000n\000c\000i\000p\000l\000e\000\040\000o\000f\000\040\000I\000n\000c\000l\000u\000s\000i\000o\000n\000-\000E\000x\000c\000l\000u\000s\000i\000o\000n}{chapter.1}% 6
\BOOKMARK [0][-]{chapter.2}{\376\377\000C\000h\000a\000p\000t\000e\000r\000\040\0002\000.\000\040\000T\000h\000e\000\040\000A\000r\000t\000\040\000o\000f\000\040\000B\000i\000j\000e\000c\000t\000i\000o\000n\000s}{}% 7
\BOOKMARK [1][-]{section.2.1}{\376\377\0001\000.\000\040\000B\000i\000n\000o\000m\000i\000a\000l\000\040\000C\000o\000e\000f\000f\000i\000c\000i\000e\000n\000t\000s}{chapter.2}% 8
\BOOKMARK [1][-]{section.2.2}{\376\377\0002\000.\000\040\000C\000a\000t\000a\000l\000a\000n\000\040\000N\000u\000m\000b\000e\000r\000s}{chapter.2}% 9
\BOOKMARK [0][-]{chapter.3}{\376\377\000C\000h\000a\000p\000t\000e\000r\000\040\0003\000.\000\040\000G\000e\000n\000e\000r\000a\000t\000i\000n\000g\000\040\000F\000u\000n\000c\000t\000i\000o\000n\000s}{}% 10
\BOOKMARK [1][-]{section.3.1}{\376\377\0001\000.\000\040\000O\000r\000d\000i\000n\000a\000r\000y\000\040\000G\000e\000n\000e\000r\000a\000t\000i\000n\000g\000\040\000F\000u\000n\000c\000t\000i\000o\000n\000s}{chapter.3}% 11
\BOOKMARK [1][-]{section.3.2}{\376\377\0002\000.\000\040\000E\000x\000p\000o\000n\000e\000n\000t\000i\000a\000l\000\040\000G\000e\000n\000e\000r\000a\000t\000i\000n\000g\000\040\000F\000u\000n\000c\000t\000i\000o\000n\000s}{chapter.3}% 12
\BOOKMARK [0][-]{chapter.4}{\376\377\000C\000h\000a\000p\000t\000e\000r\000\040\0004\000.\000\040\000P\000a\000r\000t\000i\000t\000i\000o\000n\000s}{}% 13
\BOOKMARK [1][-]{section.4.1}{\376\377\0001\000.\000\040\000S\000e\000t\000\040\000P\000a\000r\000t\000i\000t\000i\000o\000n\000s}{chapter.4}% 14
\BOOKMARK [1][-]{section.4.2}{\376\377\0002\000.\000\040\000I\000n\000t\000e\000g\000e\000r\000\040\000P\000a\000r\000t\000i\000t\000i\000o\000n\000s}{chapter.4}% 15
\BOOKMARK [0][-]{chapter.5}{\376\377\000C\000h\000a\000p\000t\000e\000r\000\040\0005\000.\000\040\000L\000a\000t\000t\000i\000c\000e\000\040\000P\000a\000t\000h\000\040\000C\000o\000m\000b\000i\000n\000a\000t\000o\000r\000i\000c\000s}{}% 16
\BOOKMARK [1][-]{section.5.1}{\376\377\0001\000.\000\040\000D\000y\000c\000k\000\040\000P\000a\000t\000h\000s\000\040\000R\000e\000v\000i\000s\000i\000t\000e\000d}{chapter.5}% 17
\BOOKMARK [1][-]{section.5.2}{\376\377\0002\000.\000\040\000M\000o\000t\000z\000k\000i\000n\000\040\000a\000n\000d\000\040\000S\000c\000h\000r\000\366\000d\000e\000r\000\040\000P\000a\000t\000h\000s}{chapter.5}% 18
\BOOKMARK [1][-]{section.5.3}{\376\377\0003\000.\000\040\000N\000o\000n\000-\000i\000n\000t\000e\000r\000s\000e\000c\000t\000i\000n\000g\000\040\000l\000a\000t\000t\000i\000c\000e\000\040\000p\000a\000t\000h\000s}{chapter.5}% 19
\BOOKMARK [1][-]{section.5.4}{\376\377\0004\000.\000\040\000q\000-\000C\000o\000u\000n\000t\000i\000n\000g\000\040\000o\000f\000\040\000l\000a\000t\000t\000i\000c\000e\000\040\000p\000a\000t\000h\000s}{chapter.5}% 20
\BOOKMARK [0][-]{chapter.6}{\376\377\000C\000h\000a\000p\000t\000e\000r\000\040\0006\000.\000\040\000A\000\040\000C\000o\000m\000b\000i\000n\000a\000t\000o\000r\000i\000a\000l\000\040\000M\000i\000s\000c\000e\000l\000l\000a\000n\000y}{}% 21
\BOOKMARK [1][-]{section.6.1}{\376\377\0001\000.\000\040\000D\000o\000m\000i\000n\000o\000\040\000T\000i\000l\000i\000n\000g\000s}{chapter.6}% 22
\BOOKMARK [1][-]{section.6.2}{\376\377\0002\000.\000\040\000P\000e\000r\000m\000u\000t\000a\000t\000i\000o\000n\000s}{chapter.6}% 23
\BOOKMARK [1][-]{section.6.3}{\376\377\0003\000.\000\040\000S\000y\000m\000m\000e\000t\000r\000i\000c\000\040\000F\000u\000n\000c\000t\000i\000o\000n\000s}{chapter.6}% 24
\BOOKMARK [1][-]{section.6.4}{\376\377\0004\000.\000\040\000G\000r\000a\000p\000h\000s\000\040\000a\000n\000d\000\040\000T\000r\000e\000e\000s}{chapter.6}% 25
\BOOKMARK [0][-]{chapter*.10}{\376\377\000B\000i\000b\000l\000i\000o\000g\000r\000a\000p\000h\000y}{}% 26
